<?xml version="1.0" encoding="UTF-8"?>
<testsuite xmlns:xsi="http://www.w3.org/2001/XMLSchema-instance" xsi:noNamespaceSchemaLocation="https://maven.apache.org/surefire/maven-surefire-plugin/xsd/surefire-test-report-3.0.xsd" version="3.0" name="seguridad.ApplicationTests" time="3.991" tests="1" errors="0" skipped="0" failures="0">
  <properties>
[...]
</properties>
  <testcase name="contextLoads" classname="seguridad.ApplicationTests" time="0.638">
    <system-out><![CDATA[21:06:05.105 [main] INFO org.springframework.test.context.support.AnnotationConfigContextLoaderUtils -- Could not detect default configuration classes for test class [seguridad.ApplicationTests]: ApplicationTests does not declare any static, non-private, non-final, nested classes annotated with @Configuration.
21:06:05.207 [main] INFO org.springframework.boot.test.context.SpringBootTestContextBootstrapper -- Found @SpringBootConfiguration seguridad.Application for test class seguridad.ApplicationTests

  .   ____          _            __ _ _
 /\\ / ___'_ __ _ _(_)_ __  __ _ \ \ \ \
( ( )\___ | '_ | '_| | '_ \/ _` | \ \ \ \
 \\/  ___)| |_)| | | | | || (_| |  ) ) ) )
  '  |____| .__|_| |_|_| |_\__, | / / / /
 =========|_|==============|___/=/_/_/_/
 :: Spring Boot ::                (v3.2.0)

2026-01-26T21:06:05.596+01:00  INFO 28128 --- [JMF-Actividad2] [           main] seguridad.ApplicationTests               : Starting ApplicationTests using Java 21.0.8 with PID 28128 (started by Xuan in C:\Users\Xuan\Documents\WS_STOOLS_REST\JMF-Actividad2)
2026-01-26T21:06:05.597+01:00 DEBUG 28128 --- [JMF-Actividad2] [           main] seguridad.ApplicationTests               : Running with Spring Boot v3.2.0, Spring v6.1.1
2026-01-26T21:06:05.597+01:00  INFO 28128 --- [JMF-Actividad2] [           main] seguridad.ApplicationTests               : No active profile set, falling back to 1 default profile: "default"
2026-01-26T21:06:06.345+01:00  INFO 28128 --- [JMF-Actividad2] [           main] .s.d.r.c.RepositoryConfigurationDelegate : Bootstrapping Spring Data MongoDB repositories in DEFAULT mode.
2026-01-26T21:06:06.397+01:00  INFO 28128 --- [JMF-Actividad2] [           main] .s.d.r.c.RepositoryConfigurationDelegate : Finished Spring Data repository scanning in 49 ms. Found 5 MongoDB repository interfaces.
2026-01-26T21:06:06.871+01:00  INFO 28128 --- [JMF-Actividad2] [           main] org.mongodb.driver.client                : MongoClient with metadata {"driver": {"name": "mongo-java-driver|sync|spring-boot", "version": "4.11.1"}, "os": {"type": "Windows", "name": "Windows 11", "architecture": "amd64", "version": "10.0"}, "platform": "Java/Eclipse Adoptium/21.0.8+9-LTS"} created with settings MongoClientSettings{readPreference=primary, writeConcern=WriteConcern{w=null, wTimeout=null ms, journal=null}, retryWrites=true, retryReads=true, readConcern=ReadConcern{level=null}, credential=null, transportSettings=null, streamFactoryFactory=null, commandListeners=[], codecRegistry=ProvidersCodecRegistry{codecProviders=[ValueCodecProvider{}, BsonValueCodecProvider{}, DBRefCodecProvider{}, DBObjectCodecProvider{}, DocumentCodecProvider{}, CollectionCodecProvider{}, IterableCodecProvider{}, MapCodecProvider{}, GeoJsonCodecProvider{}, GridFSFileCodecProvider{}, Jsr310CodecProvider{}, JsonObjectCodecProvider{}, BsonCodecProvider{}, EnumCodecProvider{}, com.mongodb.client.model.mql.ExpressionCodecProvider@7fe07361, com.mongodb.Jep395RecordCodecProvider@741ac284, com.mongodb.KotlinCodecProvider@4ef4f627]}, loggerSettings=LoggerSettings{maxDocumentLength=1000}, clusterSettings={hosts=[localhost:27017], srvServiceName=mongodb, mode=SINGLE, requiredClusterType=UNKNOWN, requiredReplicaSetName='null', serverSelector='null', clusterListeners='[]', serverSelectionTimeout='30000 ms', localThreshold='15 ms'}, socketSettings=SocketSettings{connectTimeoutMS=10000, readTimeoutMS=0, receiveBufferSize=0, proxySettings=ProxySettings{host=null, port=null, username=null, password=null}}, heartbeatSocketSettings=SocketSettings{connectTimeoutMS=10000, readTimeoutMS=10000, receiveBufferSize=0, proxySettings=ProxySettings{host=null, port=null, username=null, password=null}}, connectionPoolSettings=ConnectionPoolSettings{maxSize=100, minSize=0, maxWaitTimeMS=120000, maxConnectionLifeTimeMS=0, maxConnectionIdleTimeMS=0, maintenanceInitialDelayMS=0, maintenanceFrequencyMS=60000, connectionPoolListeners=[], maxConnecting=2}, serverSettings=ServerSettings{heartbeatFrequencyMS=10000, minHeartbeatFrequencyMS=500, serverListeners='[]', serverMonitorListeners='[]'}, sslSettings=SslSettings{enabled=false, invalidHostNameAllowed=false, context=null}, applicationName='null', compressorList=[], uuidRepresentation=JAVA_LEGACY, serverApi=null, autoEncryptionSettings=null, dnsClient=null, inetAddressResolver=null, contextProvider=null}
2026-01-26T21:06:06.923+01:00  INFO 28128 --- [JMF-Actividad2] [localhost:27017] org.mongodb.driver.cluster               : Monitor thread successfully connected to server with description ServerDescription{address=localhost:27017, type=STANDALONE, state=CONNECTED, ok=true, minWireVersion=0, maxWireVersion=27, maxDocumentSize=16777216, logicalSessionTimeoutMinutes=30, roundTripTimeNanos=43587300}
2026-01-26T21:06:07.939+01:00  INFO 28128 --- [JMF-Actividad2] [           main] o.s.s.web.DefaultSecurityFilterChain     : Will secure any request with [org.springframework.security.web.session.DisableEncodeUrlFilter@6851b296, org.springframework.security.web.context.request.async.WebAsyncManagerIntegrationFilter@9e50283, org.springframework.security.web.context.SecurityContextHolderFilter@6210666c, org.springframework.security.web.header.HeaderWriterFilter@3c27f72, org.springframework.web.filter.CorsFilter@5368e981, org.springframework.security.web.authentication.logout.LogoutFilter@5e541ef9, org.springframework.security.web.authentication.www.BasicAuthenticationFilter@7752c0e7, org.springframework.security.web.savedrequest.RequestCacheAwareFilter@52657d5f, org.springframework.security.web.servletapi.SecurityContextHolderAwareRequestFilter@43d3995f, org.springframework.security.web.authentication.AnonymousAuthenticationFilter@1c171746, org.springframework.security.web.session.SessionManagementFilter@28fa541, org.springframework.security.web.access.ExceptionTranslationFilter@4cb4c4cc, org.springframework.security.web.access.intercept.AuthorizationFilter@ff21443]
2026-01-26T21:06:08.276+01:00  INFO 28128 --- [JMF-Actividad2] [           main] seguridad.ApplicationTests               : Started ApplicationTests in 2.937 seconds (process running for 3.771)
]]></system-out>
    <system-err><![CDATA[WARNING: A Java agent has been loaded dynamically (C:\Users\Xuan\.m2\repository\net\bytebuddy\byte-buddy-agent\1.14.10\byte-buddy-agent-1.14.10.jar)
WARNING: If a serviceability tool is in use, please run with -XX:+EnableDynamicAgentLoading to hide this warning
WARNING: If a serviceability tool is not in use, please run with -Djdk.instrument.traceUsage for more information
WARNING: Dynamic loading of agents will be disallowed by default in a future release
]]></system-err>
  </testcase>
</testsuite>